  [1m[35m (344.2ms)[0m  [1m[35mCREATE DATABASE "movie_api_development" ENCODING = 'unicode'[0m
  [1m[35m (151.7ms)[0m  [1m[35mCREATE DATABASE "movie_api_test" ENCODING = 'unicode'[0m
  [1m[35m (30.4ms)[0m  [1m[35mCREATE TABLE "schema_migrations" ("version" character varying NOT NULL PRIMARY KEY)[0m
  [1m[35m (3.5ms)[0m  [1m[35mCREATE TABLE "ar_internal_metadata" ("key" character varying NOT NULL PRIMARY KEY, "value" character varying, "created_at" timestamp(6) NOT NULL, "updated_at" timestamp(6) NOT NULL)[0m
  [1m[35m (20.5ms)[0m  [1m[34mSELECT pg_try_advisory_lock(5485226136958144290)[0m
  [1m[35m (0.4ms)[0m  [1m[34mSELECT "schema_migrations"."version" FROM "schema_migrations" ORDER BY "schema_migrations"."version" ASC[0m
Migrating to CreateMovies (20210811205109)
  [1m[36mTRANSACTION (0.2ms)[0m  [1m[35mBEGIN[0m
  [1m[35m (22.4ms)[0m  [1m[35mCREATE TABLE "movies" ("id" bigserial primary key, "name" character varying, "year" integer, "genre" character varying, "created_at" timestamp(6) NOT NULL, "updated_at" timestamp(6) NOT NULL)[0m
  [1m[36mActiveRecord::SchemaMigration Create (1.3ms)[0m  [1m[32mINSERT INTO "schema_migrations" ("version") VALUES ($1) RETURNING "version"[0m  [["version", "20210811205109"]]
  [1m[36mTRANSACTION (0.4ms)[0m  [1m[35mCOMMIT[0m
  [1m[36mActiveRecord::InternalMetadata Load (0.3ms)[0m  [1m[34mSELECT "ar_internal_metadata".* FROM "ar_internal_metadata" WHERE "ar_internal_metadata"."key" = $1 LIMIT $2[0m  [["key", "environment"], ["LIMIT", 1]]
  [1m[36mTRANSACTION (0.2ms)[0m  [1m[35mBEGIN[0m
  [1m[36mActiveRecord::InternalMetadata Create (0.7ms)[0m  [1m[32mINSERT INTO "ar_internal_metadata" ("key", "value", "created_at", "updated_at") VALUES ($1, $2, $3, $4) RETURNING "key"[0m  [["key", "environment"], ["value", "development"], ["created_at", "2021-08-11 20:51:18.393705"], ["updated_at", "2021-08-11 20:51:18.393705"]]
  [1m[36mTRANSACTION (0.3ms)[0m  [1m[35mCOMMIT[0m
  [1m[35m (0.2ms)[0m  [1m[34mSELECT pg_advisory_unlock(5485226136958144290)[0m
  [1m[35m (0.6ms)[0m  [1m[34mSELECT "schema_migrations"."version" FROM "schema_migrations" ORDER BY "schema_migrations"."version" ASC[0m
  [1m[35m (0.6ms)[0m  [1m[34mSELECT "schema_migrations"."version" FROM "schema_migrations" ORDER BY "schema_migrations"."version" ASC[0m
  [1m[36mTRANSACTION (0.2ms)[0m  [1m[35mBEGIN[0m
  [1m[36mMovie Create (1.8ms)[0m  [1m[32mINSERT INTO "movies" ("name", "year", "genre", "created_at", "updated_at") VALUES ($1, $2, $3, $4, $5) RETURNING "id"[0m  [["name", "Star Wars"], ["year", 1977], ["genre", "SCI-FI"], ["created_at", "2021-08-11 20:54:20.447833"], ["updated_at", "2021-08-11 20:54:20.447833"]]
  [1m[36mTRANSACTION (0.4ms)[0m  [1m[35mCOMMIT[0m
  [1m[36mTRANSACTION (0.1ms)[0m  [1m[35mBEGIN[0m
  [1m[36mMovie Create (0.3ms)[0m  [1m[32mINSERT INTO "movies" ("name", "year", "genre", "created_at", "updated_at") VALUES ($1, $2, $3, $4, $5) RETURNING "id"[0m  [["name", "Lord of the Rings"], ["year", 2001], ["genre", "Fantasy"], ["created_at", "2021-08-11 20:54:20.453353"], ["updated_at", "2021-08-11 20:54:20.453353"]]
  [1m[36mTRANSACTION (20.9ms)[0m  [1m[35mCOMMIT[0m
Started GET "/api/movies" for 127.0.0.1 at 2021-08-11 16:54:34 -0400
  [1m[35m (1.7ms)[0m  [1m[34mSELECT "schema_migrations"."version" FROM "schema_migrations" ORDER BY "schema_migrations"."version" ASC[0m
Processing by Api::MoviesController#show as HTML
  [1m[36mMovie Load (17.3ms)[0m  [1m[34mSELECT "movies".* FROM "movies"[0m
  ↳ app/controllers/api/movies_controller.rb:5:in `show'
Completed 200 OK in 46ms (Views: 9.7ms | ActiveRecord: 22.1ms | Allocations: 8387)


Started GET "/favicon.ico" for 127.0.0.1 at 2021-08-11 16:54:35 -0400
  
ActionController::RoutingError (No route matches [GET] "/favicon.ico"):
  
Started GET "/api/movies" for 127.0.0.1 at 2021-08-11 21:36:01 -0400
Processing by Api::MoviesController#show as HTML
  [1m[36mMovie Load (0.5ms)[0m  [1m[34mSELECT "movies".* FROM "movies"[0m
  ↳ app/controllers/api/movies_controller.rb:5:in `show'
Completed 200 OK in 26ms (Views: 25.7ms | ActiveRecord: 10.0ms | Allocations: 3122)


Started GET "/api/movies/1" for 127.0.0.1 at 2021-08-11 22:20:39 -0400
  
ActionController::RoutingError (No route matches [GET] "/api/movies/1"):
  
Started GET "/api/movies" for 127.0.0.1 at 2021-08-11 22:20:43 -0400
Processing by Api::MoviesController#show as HTML
  [1m[36mMovie Load (1.6ms)[0m  [1m[34mSELECT "movies".* FROM "movies"[0m
  ↳ app/controllers/api/movies_controller.rb:5:in `show'
Completed 200 OK in 45ms (Views: 44.6ms | ActiveRecord: 18.3ms | Allocations: 2896)


Started GET "/api/movies/1" for 127.0.0.1 at 2021-08-11 22:20:50 -0400
  
ActionController::RoutingError (No route matches [GET] "/api/movies/1"):
  
Started GET "/api" for 127.0.0.1 at 2021-08-11 22:21:35 -0400
  
ActionController::RoutingError (No route matches [GET] "/api"):
  
Started GET "/api/movies" for 127.0.0.1 at 2021-08-11 22:21:43 -0400
Processing by Api::MoviesController#show as HTML
  [1m[36mMovie Load (0.2ms)[0m  [1m[34mSELECT "movies".* FROM "movies"[0m
  ↳ app/controllers/api/movies_controller.rb:5:in `show'
Completed 200 OK in 2ms (Views: 1.4ms | ActiveRecord: 0.2ms | Allocations: 829)


